2017-08-19 18:09:14.963  INFO 528 --- [main] c.v.tydirium.service.SysUserServiceTest  : Starting SysUserServiceTest on zhangmy16-szzbd with PID 528 (started by v-guosq02 in D:\MyParcel\Tydirium)
2017-08-19 18:09:14.964 DEBUG 528 --- [main] c.v.tydirium.service.SysUserServiceTest  : Running with Spring Boot v1.5.4.RELEASE, Spring v4.3.9.RELEASE
2017-08-19 18:09:14.965  INFO 528 --- [main] c.v.tydirium.service.SysUserServiceTest  : No active profile set, falling back to default profiles: default
2017-08-19 18:09:15.288  INFO 528 --- [main] o.s.w.c.s.GenericWebApplicationContext   : Refreshing org.springframework.web.context.support.GenericWebApplicationContext@3e6ef8ad: startup date [Sat Aug 19 18:09:15 CST 2017]; root of context hierarchy
2017-08-19 18:09:15.949  INFO 528 --- [main] .s.d.r.c.RepositoryConfigurationDelegate : Multiple Spring Data modules found, entering strict repository configuration mode!
2017-08-19 18:09:16.032  INFO 528 --- [main] .s.d.r.c.RepositoryConfigurationDelegate : Multiple Spring Data modules found, entering strict repository configuration mode!
2017-08-19 18:09:16.060  INFO 528 --- [main] .RepositoryConfigurationExtensionSupport : Spring Data Redis - Could not safely identify store assignment for repository candidate interface com.vanke.tydirium.repository.sys.SysModuleRepository.
2017-08-19 18:09:16.071  INFO 528 --- [main] .RepositoryConfigurationExtensionSupport : Spring Data Redis - Could not safely identify store assignment for repository candidate interface com.vanke.tydirium.repository.sys.SysResourceRepository.
2017-08-19 18:09:16.072  INFO 528 --- [main] .RepositoryConfigurationExtensionSupport : Spring Data Redis - Could not safely identify store assignment for repository candidate interface com.vanke.tydirium.repository.sys.SysRoleRepository.
2017-08-19 18:09:16.074  INFO 528 --- [main] .RepositoryConfigurationExtensionSupport : Spring Data Redis - Could not safely identify store assignment for repository candidate interface com.vanke.tydirium.repository.sys.SysUserRepository.
2017-08-19 18:09:17.688  INFO 528 --- [main] j.LocalContainerEntityManagerFactoryBean : Building JPA container EntityManagerFactory for persistence unit 'default'
2017-08-19 18:09:19.255  INFO 528 --- [main] j.LocalContainerEntityManagerFactoryBean : Initialized JPA EntityManagerFactory for persistence unit 'default'
2017-08-19 18:09:20.263  INFO 528 --- [main] s.w.s.m.m.a.RequestMappingHandlerAdapter : Looking for @ControllerAdvice: org.springframework.web.context.support.GenericWebApplicationContext@3e6ef8ad: startup date [Sat Aug 19 18:09:15 CST 2017]; root of context hierarchy
2017-08-19 18:09:20.327  INFO 528 --- [main] s.w.s.m.m.a.RequestMappingHandlerMapping : Mapped "{[/index/session],methods=[GET]}" onto public java.lang.String com.vanke.tydirium.web.controller.IndexController.session(javax.servlet.http.HttpSession)
2017-08-19 18:09:20.328  INFO 528 --- [main] s.w.s.m.m.a.RequestMappingHandlerMapping : Mapped "{[/index/hello],methods=[GET]}" onto public com.vanke.tydirium.web.common.ResponseData com.vanke.tydirium.web.controller.IndexController.hello(javax.servlet.http.HttpServletRequest)
2017-08-19 18:09:20.331  INFO 528 --- [main] s.w.s.m.m.a.RequestMappingHandlerMapping : Mapped "{[/login]}" onto public java.lang.String com.vanke.tydirium.web.controller.LoginController.login(org.springframework.ui.Model)
2017-08-19 18:09:20.332  INFO 528 --- [main] s.w.s.m.m.a.RequestMappingHandlerMapping : Mapped "{[/oauth/token]}" onto public java.lang.String com.vanke.tydirium.web.controller.OauthController.oauth(org.springframework.ui.Model,javax.servlet.http.HttpServletRequest,javax.servlet.http.HttpServletResponse)
2017-08-19 18:09:20.337  INFO 528 --- [main] s.w.s.m.m.a.RequestMappingHandlerMapping : Mapped "{[/admin/sys/user],methods=[POST]}" onto public java.lang.String com.vanke.tydirium.web.controller.sys.SysController.user(org.springframework.ui.Model,com.vanke.tydirium.entity.sys.SysUser,org.springframework.validation.BindingResult,java.lang.Long[]) throws com.vanke.tydirium.exception.WebException
2017-08-19 18:09:20.337  INFO 528 --- [main] s.w.s.m.m.a.RequestMappingHandlerMapping : Mapped "{[/admin/sys/user/{userId}],methods=[GET]}" onto public java.lang.String com.vanke.tydirium.web.controller.sys.SysController.user(org.springframework.ui.Model,java.lang.Long) throws com.vanke.tydirium.exception.WebException
2017-08-19 18:09:20.337  INFO 528 --- [main] s.w.s.m.m.a.RequestMappingHandlerMapping : Mapped "{[/admin/sys/users],methods=[GET]}" onto public java.lang.String com.vanke.tydirium.web.controller.sys.SysController.user(org.springframework.ui.Model,java.lang.Integer,java.lang.Integer) throws com.vanke.tydirium.exception.WebException
2017-08-19 18:09:20.337  INFO 528 --- [main] s.w.s.m.m.a.RequestMappingHandlerMapping : Mapped "{[/admin/sys/resources],methods=[GET]}" onto public java.lang.String com.vanke.tydirium.web.controller.sys.SysController.resources(org.springframework.ui.Model,java.lang.Integer,java.lang.Integer,java.lang.String) throws com.vanke.tydirium.exception.WebException
2017-08-19 18:09:20.338  INFO 528 --- [main] s.w.s.m.m.a.RequestMappingHandlerMapping : Mapped "{[/admin/sys/resource/{resourceId}],methods=[GET]}" onto public java.lang.String com.vanke.tydirium.web.controller.sys.SysController.resource(org.springframework.ui.Model,java.lang.Long) throws com.vanke.tydirium.exception.WebException
2017-08-19 18:09:20.338  INFO 528 --- [main] s.w.s.m.m.a.RequestMappingHandlerMapping : Mapped "{[/admin/sys/resource],methods=[POST]}" onto public java.lang.String com.vanke.tydirium.web.controller.sys.SysController.resource(org.springframework.ui.Model,com.vanke.tydirium.entity.sys.SysResource,org.springframework.validation.BindingResult) throws com.vanke.tydirium.exception.WebException
2017-08-19 18:09:20.338  INFO 528 --- [main] s.w.s.m.m.a.RequestMappingHandlerMapping : Mapped "{[/admin/sys/module],methods=[POST]}" onto public java.lang.String com.vanke.tydirium.web.controller.sys.SysController.module(org.springframework.ui.Model,com.vanke.tydirium.entity.sys.SysModule,org.springframework.validation.BindingResult,java.lang.Long[]) throws com.vanke.tydirium.exception.WebException
2017-08-19 18:09:20.338  INFO 528 --- [main] s.w.s.m.m.a.RequestMappingHandlerMapping : Mapped "{[/admin/sys/module/{moduleId}],methods=[GET]}" onto public java.lang.String com.vanke.tydirium.web.controller.sys.SysController.module(org.springframework.ui.Model,java.lang.Long) throws com.vanke.tydirium.exception.WebException
2017-08-19 18:09:20.338  INFO 528 --- [main] s.w.s.m.m.a.RequestMappingHandlerMapping : Mapped "{[/admin/sys/modules],methods=[GET]}" onto public java.lang.String com.vanke.tydirium.web.controller.sys.SysController.modules(org.springframework.ui.Model,java.lang.Integer,java.lang.Integer,java.lang.String) throws com.vanke.tydirium.exception.WebException
2017-08-19 18:09:20.339  INFO 528 --- [main] s.w.s.m.m.a.RequestMappingHandlerMapping : Mapped "{[/admin/sys/role/{roleId}],methods=[GET]}" onto public java.lang.String com.vanke.tydirium.web.controller.sys.SysController.role(org.springframework.ui.Model,java.lang.Long) throws com.vanke.tydirium.exception.WebException
2017-08-19 18:09:20.339  INFO 528 --- [main] s.w.s.m.m.a.RequestMappingHandlerMapping : Mapped "{[/admin/sys/role],methods=[POST]}" onto public java.lang.String com.vanke.tydirium.web.controller.sys.SysController.role(org.springframework.ui.Model,com.vanke.tydirium.entity.sys.SysRole,org.springframework.validation.BindingResult,java.lang.Long[]) throws com.vanke.tydirium.exception.WebException
2017-08-19 18:09:20.339  INFO 528 --- [main] s.w.s.m.m.a.RequestMappingHandlerMapping : Mapped "{[/admin/sys/roles],methods=[GET]}" onto public java.lang.String com.vanke.tydirium.web.controller.sys.SysController.roles(org.springframework.ui.Model,java.lang.Integer,java.lang.Integer,java.lang.String) throws com.vanke.tydirium.exception.WebException
2017-08-19 18:09:20.339  INFO 528 --- [main] s.w.s.m.m.a.RequestMappingHandlerMapping : Mapped "{[/admin/sys/checkRoleName],methods=[GET]}" onto public java.lang.Boolean com.vanke.tydirium.web.controller.sys.SysController.chenckRoleName(java.lang.String) throws com.vanke.tydirium.exception.WebException
2017-08-19 18:09:20.341  INFO 528 --- [main] s.w.s.m.m.a.RequestMappingHandlerMapping : Mapped "{[/error]}" onto public org.springframework.http.ResponseEntity<java.util.Map<java.lang.String, java.lang.Object>> org.springframework.boot.autoconfigure.web.BasicErrorController.error(javax.servlet.http.HttpServletRequest)
2017-08-19 18:09:20.342  INFO 528 --- [main] s.w.s.m.m.a.RequestMappingHandlerMapping : Mapped "{[/error],produces=[text/html]}" onto public org.springframework.web.servlet.ModelAndView org.springframework.boot.autoconfigure.web.BasicErrorController.errorHtml(javax.servlet.http.HttpServletRequest,javax.servlet.http.HttpServletResponse)
2017-08-19 18:09:20.372  INFO 528 --- [main] o.s.w.s.handler.SimpleUrlHandlerMapping  : Mapped URL path [/webjars/**] onto handler of type [class org.springframework.web.servlet.resource.ResourceHttpRequestHandler]
2017-08-19 18:09:20.372  INFO 528 --- [main] o.s.w.s.handler.SimpleUrlHandlerMapping  : Mapped URL path [/**] onto handler of type [class org.springframework.web.servlet.resource.ResourceHttpRequestHandler]
2017-08-19 18:09:20.408  INFO 528 --- [main] o.s.w.s.handler.SimpleUrlHandlerMapping  : Mapped URL path [/**/favicon.ico] onto handler of type [class org.springframework.web.servlet.resource.ResourceHttpRequestHandler]
2017-08-19 18:09:20.452  WARN 528 --- [main] org.thymeleaf.templatemode.TemplateMode  : [THYMELEAF][main] Template Mode 'HTML5' is deprecated. Using Template Mode 'HTML' instead.
2017-08-19 18:09:21.019  INFO 528 --- [main] o.s.c.support.DefaultLifecycleProcessor  : Starting beans in phase 2147483647
2017-08-19 18:09:21.036  INFO 528 --- [main] s.a.ScheduledAnnotationBeanPostProcessor : No TaskScheduler/ScheduledExecutorService bean found for scheduled processing
2017-08-19 18:09:21.048  INFO 528 --- [main] c.v.tydirium.service.SysUserServiceTest  : Started SysUserServiceTest in 6.44 seconds (JVM running for 7.417)
2017-08-19 18:09:21.085  INFO 528 --- [main] c.v.tydirium.service.SysUserServiceTest  : 初始化用户......
2017-08-19 18:09:21.342  INFO 528 --- [main] c.v.tydirium.service.SysUserServiceTest  : 初始化用户......
2017-08-19 18:09:21.473  INFO 528 --- [main] c.v.tydirium.service.SysUserServiceTest  : 初始化用户......
2017-08-19 18:09:21.530  INFO 528 --- [Thread-5] o.s.w.c.s.GenericWebApplicationContext   : Closing org.springframework.web.context.support.GenericWebApplicationContext@3e6ef8ad: startup date [Sat Aug 19 18:09:15 CST 2017]; root of context hierarchy
2017-08-19 18:09:21.532  INFO 528 --- [Thread-5] o.s.c.support.DefaultLifecycleProcessor  : Stopping beans in phase 2147483647
2017-08-19 18:09:21.537  INFO 528 --- [Thread-5] j.LocalContainerEntityManagerFactoryBean : Closing JPA EntityManagerFactory for persistence unit 'default'
2017-08-19 18:09:34.970  INFO 7384 --- [main] c.v.tydirium.service.SysUserServiceTest  : Starting SysUserServiceTest on zhangmy16-szzbd with PID 7384 (started by v-guosq02 in D:\MyParcel\Tydirium)
2017-08-19 18:09:34.971 DEBUG 7384 --- [main] c.v.tydirium.service.SysUserServiceTest  : Running with Spring Boot v1.5.4.RELEASE, Spring v4.3.9.RELEASE
2017-08-19 18:09:34.972  INFO 7384 --- [main] c.v.tydirium.service.SysUserServiceTest  : No active profile set, falling back to default profiles: default
2017-08-19 18:09:35.232  INFO 7384 --- [main] o.s.w.c.s.GenericWebApplicationContext   : Refreshing org.springframework.web.context.support.GenericWebApplicationContext@79c7532f: startup date [Sat Aug 19 18:09:35 CST 2017]; root of context hierarchy
2017-08-19 18:09:36.022  INFO 7384 --- [main] .s.d.r.c.RepositoryConfigurationDelegate : Multiple Spring Data modules found, entering strict repository configuration mode!
2017-08-19 18:09:36.110  INFO 7384 --- [main] .s.d.r.c.RepositoryConfigurationDelegate : Multiple Spring Data modules found, entering strict repository configuration mode!
2017-08-19 18:09:36.147  INFO 7384 --- [main] .RepositoryConfigurationExtensionSupport : Spring Data Redis - Could not safely identify store assignment for repository candidate interface com.vanke.tydirium.repository.sys.SysModuleRepository.
2017-08-19 18:09:36.149  INFO 7384 --- [main] .RepositoryConfigurationExtensionSupport : Spring Data Redis - Could not safely identify store assignment for repository candidate interface com.vanke.tydirium.repository.sys.SysResourceRepository.
2017-08-19 18:09:36.150  INFO 7384 --- [main] .RepositoryConfigurationExtensionSupport : Spring Data Redis - Could not safely identify store assignment for repository candidate interface com.vanke.tydirium.repository.sys.SysRoleRepository.
2017-08-19 18:09:36.151  INFO 7384 --- [main] .RepositoryConfigurationExtensionSupport : Spring Data Redis - Could not safely identify store assignment for repository candidate interface com.vanke.tydirium.repository.sys.SysUserRepository.
2017-08-19 18:09:37.593  INFO 7384 --- [main] j.LocalContainerEntityManagerFactoryBean : Building JPA container EntityManagerFactory for persistence unit 'default'
2017-08-19 18:09:39.193  INFO 7384 --- [main] j.LocalContainerEntityManagerFactoryBean : Initialized JPA EntityManagerFactory for persistence unit 'default'
2017-08-19 18:09:40.420  INFO 7384 --- [main] s.w.s.m.m.a.RequestMappingHandlerAdapter : Looking for @ControllerAdvice: org.springframework.web.context.support.GenericWebApplicationContext@79c7532f: startup date [Sat Aug 19 18:09:35 CST 2017]; root of context hierarchy
2017-08-19 18:09:40.516  INFO 7384 --- [main] s.w.s.m.m.a.RequestMappingHandlerMapping : Mapped "{[/index/session],methods=[GET]}" onto public java.lang.String com.vanke.tydirium.web.controller.IndexController.session(javax.servlet.http.HttpSession)
2017-08-19 18:09:40.517  INFO 7384 --- [main] s.w.s.m.m.a.RequestMappingHandlerMapping : Mapped "{[/index/hello],methods=[GET]}" onto public com.vanke.tydirium.web.common.ResponseData com.vanke.tydirium.web.controller.IndexController.hello(javax.servlet.http.HttpServletRequest)
2017-08-19 18:09:40.517  INFO 7384 --- [main] s.w.s.m.m.a.RequestMappingHandlerMapping : Mapped "{[/login]}" onto public java.lang.String com.vanke.tydirium.web.controller.LoginController.login(org.springframework.ui.Model)
2017-08-19 18:09:40.518  INFO 7384 --- [main] s.w.s.m.m.a.RequestMappingHandlerMapping : Mapped "{[/oauth/token]}" onto public java.lang.String com.vanke.tydirium.web.controller.OauthController.oauth(org.springframework.ui.Model,javax.servlet.http.HttpServletRequest,javax.servlet.http.HttpServletResponse)
2017-08-19 18:09:40.522  INFO 7384 --- [main] s.w.s.m.m.a.RequestMappingHandlerMapping : Mapped "{[/admin/sys/user],methods=[POST]}" onto public java.lang.String com.vanke.tydirium.web.controller.sys.SysController.user(org.springframework.ui.Model,com.vanke.tydirium.entity.sys.SysUser,org.springframework.validation.BindingResult,java.lang.Long[]) throws com.vanke.tydirium.exception.WebException
2017-08-19 18:09:40.523  INFO 7384 --- [main] s.w.s.m.m.a.RequestMappingHandlerMapping : Mapped "{[/admin/sys/user/{userId}],methods=[GET]}" onto public java.lang.String com.vanke.tydirium.web.controller.sys.SysController.user(org.springframework.ui.Model,java.lang.Long) throws com.vanke.tydirium.exception.WebException
2017-08-19 18:09:40.524  INFO 7384 --- [main] s.w.s.m.m.a.RequestMappingHandlerMapping : Mapped "{[/admin/sys/users],methods=[GET]}" onto public java.lang.String com.vanke.tydirium.web.controller.sys.SysController.user(org.springframework.ui.Model,java.lang.Integer,java.lang.Integer) throws com.vanke.tydirium.exception.WebException
2017-08-19 18:09:40.524  INFO 7384 --- [main] s.w.s.m.m.a.RequestMappingHandlerMapping : Mapped "{[/admin/sys/resource/{resourceId}],methods=[GET]}" onto public java.lang.String com.vanke.tydirium.web.controller.sys.SysController.resource(org.springframework.ui.Model,java.lang.Long) throws com.vanke.tydirium.exception.WebException
2017-08-19 18:09:40.524  INFO 7384 --- [main] s.w.s.m.m.a.RequestMappingHandlerMapping : Mapped "{[/admin/sys/resource],methods=[POST]}" onto public java.lang.String com.vanke.tydirium.web.controller.sys.SysController.resource(org.springframework.ui.Model,com.vanke.tydirium.entity.sys.SysResource,org.springframework.validation.BindingResult) throws com.vanke.tydirium.exception.WebException
2017-08-19 18:09:40.525  INFO 7384 --- [main] s.w.s.m.m.a.RequestMappingHandlerMapping : Mapped "{[/admin/sys/role/{roleId}],methods=[GET]}" onto public java.lang.String com.vanke.tydirium.web.controller.sys.SysController.role(org.springframework.ui.Model,java.lang.Long) throws com.vanke.tydirium.exception.WebException
2017-08-19 18:09:40.525  INFO 7384 --- [main] s.w.s.m.m.a.RequestMappingHandlerMapping : Mapped "{[/admin/sys/role],methods=[POST]}" onto public java.lang.String com.vanke.tydirium.web.controller.sys.SysController.role(org.springframework.ui.Model,com.vanke.tydirium.entity.sys.SysRole,org.springframework.validation.BindingResult,java.lang.Long[]) throws com.vanke.tydirium.exception.WebException
2017-08-19 18:09:40.525  INFO 7384 --- [main] s.w.s.m.m.a.RequestMappingHandlerMapping : Mapped "{[/admin/sys/resources],methods=[GET]}" onto public java.lang.String com.vanke.tydirium.web.controller.sys.SysController.resources(org.springframework.ui.Model,java.lang.Integer,java.lang.Integer,java.lang.String) throws com.vanke.tydirium.exception.WebException
2017-08-19 18:09:40.525  INFO 7384 --- [main] s.w.s.m.m.a.RequestMappingHandlerMapping : Mapped "{[/admin/sys/checkRoleName],methods=[GET]}" onto public java.lang.Boolean com.vanke.tydirium.web.controller.sys.SysController.chenckRoleName(java.lang.String) throws com.vanke.tydirium.exception.WebException
2017-08-19 18:09:40.526  INFO 7384 --- [main] s.w.s.m.m.a.RequestMappingHandlerMapping : Mapped "{[/admin/sys/module],methods=[POST]}" onto public java.lang.String com.vanke.tydirium.web.controller.sys.SysController.module(org.springframework.ui.Model,com.vanke.tydirium.entity.sys.SysModule,org.springframework.validation.BindingResult,java.lang.Long[]) throws com.vanke.tydirium.exception.WebException
2017-08-19 18:09:40.526  INFO 7384 --- [main] s.w.s.m.m.a.RequestMappingHandlerMapping : Mapped "{[/admin/sys/module/{moduleId}],methods=[GET]}" onto public java.lang.String com.vanke.tydirium.web.controller.sys.SysController.module(org.springframework.ui.Model,java.lang.Long) throws com.vanke.tydirium.exception.WebException
2017-08-19 18:09:40.526  INFO 7384 --- [main] s.w.s.m.m.a.RequestMappingHandlerMapping : Mapped "{[/admin/sys/modules],methods=[GET]}" onto public java.lang.String com.vanke.tydirium.web.controller.sys.SysController.modules(org.springframework.ui.Model,java.lang.Integer,java.lang.Integer,java.lang.String) throws com.vanke.tydirium.exception.WebException
2017-08-19 18:09:40.526  INFO 7384 --- [main] s.w.s.m.m.a.RequestMappingHandlerMapping : Mapped "{[/admin/sys/roles],methods=[GET]}" onto public java.lang.String com.vanke.tydirium.web.controller.sys.SysController.roles(org.springframework.ui.Model,java.lang.Integer,java.lang.Integer,java.lang.String) throws com.vanke.tydirium.exception.WebException
2017-08-19 18:09:40.530  INFO 7384 --- [main] s.w.s.m.m.a.RequestMappingHandlerMapping : Mapped "{[/error]}" onto public org.springframework.http.ResponseEntity<java.util.Map<java.lang.String, java.lang.Object>> org.springframework.boot.autoconfigure.web.BasicErrorController.error(javax.servlet.http.HttpServletRequest)
2017-08-19 18:09:40.530  INFO 7384 --- [main] s.w.s.m.m.a.RequestMappingHandlerMapping : Mapped "{[/error],produces=[text/html]}" onto public org.springframework.web.servlet.ModelAndView org.springframework.boot.autoconfigure.web.BasicErrorController.errorHtml(javax.servlet.http.HttpServletRequest,javax.servlet.http.HttpServletResponse)
2017-08-19 18:09:40.572  INFO 7384 --- [main] o.s.w.s.handler.SimpleUrlHandlerMapping  : Mapped URL path [/webjars/**] onto handler of type [class org.springframework.web.servlet.resource.ResourceHttpRequestHandler]
2017-08-19 18:09:40.572  INFO 7384 --- [main] o.s.w.s.handler.SimpleUrlHandlerMapping  : Mapped URL path [/**] onto handler of type [class org.springframework.web.servlet.resource.ResourceHttpRequestHandler]
2017-08-19 18:09:40.695  INFO 7384 --- [main] o.s.w.s.handler.SimpleUrlHandlerMapping  : Mapped URL path [/**/favicon.ico] onto handler of type [class org.springframework.web.servlet.resource.ResourceHttpRequestHandler]
2017-08-19 18:09:40.752  WARN 7384 --- [main] org.thymeleaf.templatemode.TemplateMode  : [THYMELEAF][main] Template Mode 'HTML5' is deprecated. Using Template Mode 'HTML' instead.
2017-08-19 18:09:41.539  INFO 7384 --- [main] o.s.c.support.DefaultLifecycleProcessor  : Starting beans in phase 2147483647
2017-08-19 18:09:41.554  INFO 7384 --- [main] s.a.ScheduledAnnotationBeanPostProcessor : No TaskScheduler/ScheduledExecutorService bean found for scheduled processing
2017-08-19 18:09:41.568  INFO 7384 --- [main] c.v.tydirium.service.SysUserServiceTest  : Started SysUserServiceTest in 6.894 seconds (JVM running for 7.783)
2017-08-19 18:09:41.613  INFO 7384 --- [main] c.v.tydirium.service.SysUserServiceTest  : 初始化用户......
2017-08-19 18:10:05.604  INFO 7384 --- [main] c.v.tydirium.service.SysUserServiceTest  : 初始化用户......
2017-08-19 18:10:05.765  INFO 7384 --- [main] c.v.tydirium.service.SysUserServiceTest  : 初始化用户......
2017-08-19 18:10:05.829  INFO 7384 --- [Thread-5] o.s.w.c.s.GenericWebApplicationContext   : Closing org.springframework.web.context.support.GenericWebApplicationContext@79c7532f: startup date [Sat Aug 19 18:09:35 CST 2017]; root of context hierarchy
2017-08-19 18:10:05.831  INFO 7384 --- [Thread-5] o.s.c.support.DefaultLifecycleProcessor  : Stopping beans in phase 2147483647
2017-08-19 18:10:05.845  INFO 7384 --- [Thread-5] j.LocalContainerEntityManagerFactoryBean : Closing JPA EntityManagerFactory for persistence unit 'default'
